2014-04-23 13:01:08,390 - Log4JLogChute initialized using file 'velocity.log'
2014-04-23 13:01:08,390 - Velocity was not initialized! Calling init()...
2014-04-23 13:01:08,390 - Starting Apache Velocity v1.5 (compiled: 2007-02-22 08:52:29)
2014-04-23 13:01:08,390 - Default Properties File: org/apache/velocity/runtime/defaults/velocity.properties
2014-04-23 13:01:08,390 - Trying to use logger class org.apache.velocity.runtime.log.AvalonLogChute
2014-04-23 13:01:08,391 - Couldn't find class org.apache.velocity.runtime.log.AvalonLogChute or necessary supporting classes in classpath.
java.lang.NoClassDefFoundError: org/apache/log/format/Formatter
	at java.lang.Class.forName0(Native Method)
	at java.lang.Class.forName(Class.java:270)
	at org.apache.velocity.util.ClassUtils.getClass(ClassUtils.java:63)
	at org.apache.velocity.util.ClassUtils.getNewInstance(ClassUtils.java:95)
	at org.apache.velocity.runtime.log.LogManager.createLogChute(LogManager.java:147)
	at org.apache.velocity.runtime.log.LogManager.updateLog(LogManager.java:208)
	at org.apache.velocity.runtime.RuntimeInstance.initializeLog(RuntimeInstance.java:728)
	at org.apache.velocity.runtime.RuntimeInstance.init(RuntimeInstance.java:240)
	at org.apache.velocity.runtime.RuntimeInstance.parse(RuntimeInstance.java:993)
	at org.apache.velocity.runtime.RuntimeInstance.parse(RuntimeInstance.java:972)
	at org.apache.velocity.runtime.RuntimeSingleton.parse(RuntimeSingleton.java:265)
	at org.apache.velocity.app.Velocity.evaluate(Velocity.java:274)
	at org.sonatype.mavenbook.weather.WeatherFormatter.format(WeatherFormatter.java:21)
	at org.sonatype.mavenbook.weather.yahoo.WeatherFormatterTest.testFormat(WeatherFormatterTest.java:23)
	at sun.reflect.NativeMethodAccessorImpl.invoke0(Native Method)
	at sun.reflect.NativeMethodAccessorImpl.invoke(NativeMethodAccessorImpl.java:57)
	at sun.reflect.DelegatingMethodAccessorImpl.invoke(DelegatingMethodAccessorImpl.java:43)
	at java.lang.reflect.Method.invoke(Method.java:606)
	at junit.framework.TestCase.runTest(TestCase.java:154)
	at junit.framework.TestCase.runBare(TestCase.java:127)
	at junit.framework.TestResult$1.protect(TestResult.java:106)
	at junit.framework.TestResult.runProtected(TestResult.java:124)
	at junit.framework.TestResult.run(TestResult.java:109)
	at junit.framework.TestCase.run(TestCase.java:118)
	at junit.framework.TestSuite.runTest(TestSuite.java:208)
	at junit.framework.TestSuite.run(TestSuite.java:203)
	at sun.reflect.NativeMethodAccessorImpl.invoke0(Native Method)
	at sun.reflect.NativeMethodAccessorImpl.invoke(NativeMethodAccessorImpl.java:57)
	at sun.reflect.DelegatingMethodAccessorImpl.invoke(DelegatingMethodAccessorImpl.java:43)
	at java.lang.reflect.Method.invoke(Method.java:606)
	at org.apache.maven.surefire.junit.JUnitTestSet.execute(JUnitTestSet.java:96)
	at org.apache.maven.surefire.junit.JUnit3Provider.executeTestSet(JUnit3Provider.java:117)
	at org.apache.maven.surefire.junit.JUnit3Provider.invoke(JUnit3Provider.java:94)
	at sun.reflect.NativeMethodAccessorImpl.invoke0(Native Method)
	at sun.reflect.NativeMethodAccessorImpl.invoke(NativeMethodAccessorImpl.java:57)
	at sun.reflect.DelegatingMethodAccessorImpl.invoke(DelegatingMethodAccessorImpl.java:43)
	at java.lang.reflect.Method.invoke(Method.java:606)
	at org.apache.maven.surefire.util.ReflectionUtils.invokeMethodWithArray(ReflectionUtils.java:164)
	at org.apache.maven.surefire.booter.ProviderFactory$ProviderProxy.invoke(ProviderFactory.java:110)
	at org.apache.maven.surefire.booter.SurefireStarter.invokeProvider(SurefireStarter.java:175)
	at org.apache.maven.surefire.booter.SurefireStarter.runSuitesInProcessWhenForked(SurefireStarter.java:107)
	at org.apache.maven.surefire.booter.ForkedBooter.main(ForkedBooter.java:68)
Caused by: java.lang.ClassNotFoundException: org.apache.log.format.Formatter
	at java.net.URLClassLoader$1.run(URLClassLoader.java:366)
	at java.net.URLClassLoader$1.run(URLClassLoader.java:355)
	at java.security.AccessController.doPrivileged(Native Method)
	at java.net.URLClassLoader.findClass(URLClassLoader.java:354)
	at java.lang.ClassLoader.loadClass(ClassLoader.java:425)
	at sun.misc.Launcher$AppClassLoader.loadClass(Launcher.java:308)
	at java.lang.ClassLoader.loadClass(ClassLoader.java:358)
	... 42 more
2014-04-23 13:01:08,393 - Trying to use logger class org.apache.velocity.runtime.log.Log4JLogChute
2014-04-23 13:01:08,393 - Using logger class org.apache.velocity.runtime.log.Log4JLogChute
2014-04-23 13:01:08,398 - Default ResourceManager initializing. (class org.apache.velocity.runtime.resource.ResourceManagerImpl)
2014-04-23 13:01:08,407 - ResourceLoader instantiated: org.apache.velocity.runtime.resource.loader.FileResourceLoader
2014-04-23 13:01:08,408 - Do unicode file recognition:  false
2014-04-23 13:01:08,408 - FileResourceLoader : adding path '.'
2014-04-23 13:01:08,432 - ResourceCache: initialized (class org.apache.velocity.runtime.resource.ResourceCacheImpl)
2014-04-23 13:01:08,433 - Loaded System Directive: org.apache.velocity.runtime.directive.Literal
2014-04-23 13:01:08,434 - Loaded System Directive: org.apache.velocity.runtime.directive.Macro
2014-04-23 13:01:08,435 - Loaded System Directive: org.apache.velocity.runtime.directive.Parse
2014-04-23 13:01:08,436 - Loaded System Directive: org.apache.velocity.runtime.directive.Include
2014-04-23 13:01:08,437 - Loaded System Directive: org.apache.velocity.runtime.directive.Foreach
2014-04-23 13:01:08,462 - Created '20' parsers.
2014-04-23 13:01:08,468 - Velocimacro : "velocimacro.library" is not set.  Trying default library: VM_global_library.vm
2014-04-23 13:01:08,468 - Velocimacro : Default library not found.
2014-04-23 13:01:08,468 - Velocimacro : allowInline = true : VMs can be defined inline in templates
2014-04-23 13:01:08,468 - Velocimacro : allowInlineToOverride = false : VMs defined inline may NOT replace previous VM definitions
2014-04-23 13:01:08,468 - Velocimacro : allowInlineLocal = false : VMs defined inline will be global in scope if allowed.
2014-04-23 13:01:08,468 - Velocimacro : autoload off : VM system will not automatically reload global library macros
2014-04-24 14:50:52,102 - Log4JLogChute initialized using file 'velocity.log'
2014-04-24 14:50:52,102 - Velocity was not initialized! Calling init()...
2014-04-24 14:50:52,102 - Starting Apache Velocity v1.5 (compiled: 2007-02-22 08:52:29)
2014-04-24 14:50:52,102 - Default Properties File: org/apache/velocity/runtime/defaults/velocity.properties
2014-04-24 14:50:52,102 - Trying to use logger class org.apache.velocity.runtime.log.AvalonLogChute
2014-04-24 14:50:52,104 - Couldn't find class org.apache.velocity.runtime.log.AvalonLogChute or necessary supporting classes in classpath.
java.lang.NoClassDefFoundError: org/apache/log/format/Formatter
	at java.lang.Class.forName0(Native Method)
	at java.lang.Class.forName(Class.java:270)
	at org.apache.velocity.util.ClassUtils.getClass(ClassUtils.java:63)
	at org.apache.velocity.util.ClassUtils.getNewInstance(ClassUtils.java:95)
	at org.apache.velocity.runtime.log.LogManager.createLogChute(LogManager.java:147)
	at org.apache.velocity.runtime.log.LogManager.updateLog(LogManager.java:208)
	at org.apache.velocity.runtime.RuntimeInstance.initializeLog(RuntimeInstance.java:728)
	at org.apache.velocity.runtime.RuntimeInstance.init(RuntimeInstance.java:240)
	at org.apache.velocity.runtime.RuntimeInstance.parse(RuntimeInstance.java:993)
	at org.apache.velocity.runtime.RuntimeInstance.parse(RuntimeInstance.java:972)
	at org.apache.velocity.runtime.RuntimeSingleton.parse(RuntimeSingleton.java:265)
	at org.apache.velocity.app.Velocity.evaluate(Velocity.java:274)
	at org.sonatype.mavenbook.weather.WeatherFormatter.format(WeatherFormatter.java:21)
	at org.sonatype.mavenbook.weather.yahoo.WeatherFormatterTest.testFormat(WeatherFormatterTest.java:23)
	at sun.reflect.NativeMethodAccessorImpl.invoke0(Native Method)
	at sun.reflect.NativeMethodAccessorImpl.invoke(NativeMethodAccessorImpl.java:57)
	at sun.reflect.DelegatingMethodAccessorImpl.invoke(DelegatingMethodAccessorImpl.java:43)
	at java.lang.reflect.Method.invoke(Method.java:606)
	at junit.framework.TestCase.runTest(TestCase.java:168)
	at junit.framework.TestCase.runBare(TestCase.java:134)
	at junit.framework.TestResult$1.protect(TestResult.java:110)
	at junit.framework.TestResult.runProtected(TestResult.java:128)
	at junit.framework.TestResult.run(TestResult.java:113)
	at junit.framework.TestCase.run(TestCase.java:124)
	at junit.framework.TestSuite.runTest(TestSuite.java:243)
	at junit.framework.TestSuite.run(TestSuite.java:238)
	at org.junit.internal.runners.JUnit38ClassRunner.run(JUnit38ClassRunner.java:83)
	at org.apache.maven.surefire.junit4.JUnit4TestSet.execute(JUnit4TestSet.java:53)
	at org.apache.maven.surefire.junit4.JUnit4Provider.executeTestSet(JUnit4Provider.java:123)
	at org.apache.maven.surefire.junit4.JUnit4Provider.invoke(JUnit4Provider.java:104)
	at sun.reflect.NativeMethodAccessorImpl.invoke0(Native Method)
	at sun.reflect.NativeMethodAccessorImpl.invoke(NativeMethodAccessorImpl.java:57)
	at sun.reflect.DelegatingMethodAccessorImpl.invoke(DelegatingMethodAccessorImpl.java:43)
	at java.lang.reflect.Method.invoke(Method.java:606)
	at org.apache.maven.surefire.util.ReflectionUtils.invokeMethodWithArray(ReflectionUtils.java:164)
	at org.apache.maven.surefire.booter.ProviderFactory$ProviderProxy.invoke(ProviderFactory.java:110)
	at org.apache.maven.surefire.booter.SurefireStarter.invokeProvider(SurefireStarter.java:175)
	at org.apache.maven.surefire.booter.SurefireStarter.runSuitesInProcessWhenForked(SurefireStarter.java:107)
	at org.apache.maven.surefire.booter.ForkedBooter.main(ForkedBooter.java:68)
Caused by: java.lang.ClassNotFoundException: org.apache.log.format.Formatter
	at java.net.URLClassLoader$1.run(URLClassLoader.java:366)
	at java.net.URLClassLoader$1.run(URLClassLoader.java:355)
	at java.security.AccessController.doPrivileged(Native Method)
	at java.net.URLClassLoader.findClass(URLClassLoader.java:354)
	at java.lang.ClassLoader.loadClass(ClassLoader.java:425)
	at sun.misc.Launcher$AppClassLoader.loadClass(Launcher.java:308)
	at java.lang.ClassLoader.loadClass(ClassLoader.java:358)
	... 39 more
2014-04-24 14:50:52,106 - Trying to use logger class org.apache.velocity.runtime.log.Log4JLogChute
2014-04-24 14:50:52,106 - Using logger class org.apache.velocity.runtime.log.Log4JLogChute
2014-04-24 14:50:52,110 - Default ResourceManager initializing. (class org.apache.velocity.runtime.resource.ResourceManagerImpl)
2014-04-24 14:50:52,115 - ResourceLoader instantiated: org.apache.velocity.runtime.resource.loader.FileResourceLoader
2014-04-24 14:50:52,117 - Do unicode file recognition:  false
2014-04-24 14:50:52,117 - FileResourceLoader : adding path '.'
2014-04-24 14:50:52,138 - ResourceCache: initialized (class org.apache.velocity.runtime.resource.ResourceCacheImpl)
2014-04-24 14:50:52,140 - Loaded System Directive: org.apache.velocity.runtime.directive.Literal
2014-04-24 14:50:52,142 - Loaded System Directive: org.apache.velocity.runtime.directive.Macro
2014-04-24 14:50:52,144 - Loaded System Directive: org.apache.velocity.runtime.directive.Parse
2014-04-24 14:50:52,147 - Loaded System Directive: org.apache.velocity.runtime.directive.Include
2014-04-24 14:50:52,148 - Loaded System Directive: org.apache.velocity.runtime.directive.Foreach
2014-04-24 14:50:52,202 - Created '20' parsers.
2014-04-24 14:50:52,212 - Velocimacro : "velocimacro.library" is not set.  Trying default library: VM_global_library.vm
2014-04-24 14:50:52,212 - Velocimacro : Default library not found.
2014-04-24 14:50:52,212 - Velocimacro : allowInline = true : VMs can be defined inline in templates
2014-04-24 14:50:52,212 - Velocimacro : allowInlineToOverride = false : VMs defined inline may NOT replace previous VM definitions
2014-04-24 14:50:52,212 - Velocimacro : allowInlineLocal = false : VMs defined inline will be global in scope if allowed.
2014-04-24 14:50:52,212 - Velocimacro : autoload off : VM system will not automatically reload global library macros
2014-04-24 14:51:35,857 - Log4JLogChute initialized using file 'velocity.log'
2014-04-24 14:51:35,857 - Velocity was not initialized! Calling init()...
2014-04-24 14:51:35,857 - Starting Apache Velocity v1.5 (compiled: 2007-02-22 08:52:29)
2014-04-24 14:51:35,857 - Default Properties File: org/apache/velocity/runtime/defaults/velocity.properties
2014-04-24 14:51:35,857 - Trying to use logger class org.apache.velocity.runtime.log.AvalonLogChute
2014-04-24 14:51:35,858 - Couldn't find class org.apache.velocity.runtime.log.AvalonLogChute or necessary supporting classes in classpath.
java.lang.NoClassDefFoundError: org/apache/log/format/Formatter
	at java.lang.Class.forName0(Native Method)
	at java.lang.Class.forName(Class.java:270)
	at org.apache.velocity.util.ClassUtils.getClass(ClassUtils.java:63)
	at org.apache.velocity.util.ClassUtils.getNewInstance(ClassUtils.java:95)
	at org.apache.velocity.runtime.log.LogManager.createLogChute(LogManager.java:147)
	at org.apache.velocity.runtime.log.LogManager.updateLog(LogManager.java:208)
	at org.apache.velocity.runtime.RuntimeInstance.initializeLog(RuntimeInstance.java:728)
	at org.apache.velocity.runtime.RuntimeInstance.init(RuntimeInstance.java:240)
	at org.apache.velocity.runtime.RuntimeInstance.parse(RuntimeInstance.java:993)
	at org.apache.velocity.runtime.RuntimeInstance.parse(RuntimeInstance.java:972)
	at org.apache.velocity.runtime.RuntimeSingleton.parse(RuntimeSingleton.java:265)
	at org.apache.velocity.app.Velocity.evaluate(Velocity.java:274)
	at org.sonatype.mavenbook.weather.WeatherFormatter.format(WeatherFormatter.java:21)
	at org.sonatype.mavenbook.weather.Main.start(Main.java:38)
	at org.sonatype.mavenbook.weather.Main.main(Main.java:21)
Caused by: java.lang.ClassNotFoundException: org.apache.log.format.Formatter
	at java.net.URLClassLoader$1.run(URLClassLoader.java:366)
	at java.net.URLClassLoader$1.run(URLClassLoader.java:355)
	at java.security.AccessController.doPrivileged(Native Method)
	at java.net.URLClassLoader.findClass(URLClassLoader.java:354)
	at java.lang.ClassLoader.loadClass(ClassLoader.java:425)
	at sun.misc.Launcher$AppClassLoader.loadClass(Launcher.java:308)
	at java.lang.ClassLoader.loadClass(ClassLoader.java:358)
	... 15 more
2014-04-24 14:51:35,863 - Trying to use logger class org.apache.velocity.runtime.log.Log4JLogChute
2014-04-24 14:51:35,863 - Using logger class org.apache.velocity.runtime.log.Log4JLogChute
2014-04-24 14:51:35,865 - Default ResourceManager initializing. (class org.apache.velocity.runtime.resource.ResourceManagerImpl)
2014-04-24 14:51:35,868 - ResourceLoader instantiated: org.apache.velocity.runtime.resource.loader.FileResourceLoader
2014-04-24 14:51:35,869 - Do unicode file recognition:  false
2014-04-24 14:51:35,869 - FileResourceLoader : adding path '.'
2014-04-24 14:51:35,878 - ResourceCache: initialized (class org.apache.velocity.runtime.resource.ResourceCacheImpl)
2014-04-24 14:51:35,879 - Loaded System Directive: org.apache.velocity.runtime.directive.Literal
2014-04-24 14:51:35,880 - Loaded System Directive: org.apache.velocity.runtime.directive.Macro
2014-04-24 14:51:35,881 - Loaded System Directive: org.apache.velocity.runtime.directive.Parse
2014-04-24 14:51:35,882 - Loaded System Directive: org.apache.velocity.runtime.directive.Include
2014-04-24 14:51:35,883 - Loaded System Directive: org.apache.velocity.runtime.directive.Foreach
2014-04-24 14:51:35,903 - Created '20' parsers.
2014-04-24 14:51:35,909 - Velocimacro : "velocimacro.library" is not set.  Trying default library: VM_global_library.vm
2014-04-24 14:51:35,909 - Velocimacro : Default library not found.
2014-04-24 14:51:35,909 - Velocimacro : allowInline = true : VMs can be defined inline in templates
2014-04-24 14:51:35,909 - Velocimacro : allowInlineToOverride = false : VMs defined inline may NOT replace previous VM definitions
2014-04-24 14:51:35,909 - Velocimacro : allowInlineLocal = false : VMs defined inline will be global in scope if allowed.
2014-04-24 14:51:35,909 - Velocimacro : autoload off : VM system will not automatically reload global library macros
2014-04-24 15:55:14,352 - Log4JLogChute initialized using file 'velocity.log'
2014-04-24 15:55:14,352 - Velocity was not initialized! Calling init()...
2014-04-24 15:55:14,352 - Starting Apache Velocity v1.5 (compiled: 2007-02-22 08:52:29)
2014-04-24 15:55:14,352 - Default Properties File: org/apache/velocity/runtime/defaults/velocity.properties
2014-04-24 15:55:14,352 - Trying to use logger class org.apache.velocity.runtime.log.AvalonLogChute
2014-04-24 15:55:14,354 - Couldn't find class org.apache.velocity.runtime.log.AvalonLogChute or necessary supporting classes in classpath.
java.lang.NoClassDefFoundError: org/apache/log/format/Formatter
	at java.lang.Class.forName0(Native Method)
	at java.lang.Class.forName(Class.java:270)
	at org.apache.velocity.util.ClassUtils.getClass(ClassUtils.java:63)
	at org.apache.velocity.util.ClassUtils.getNewInstance(ClassUtils.java:95)
	at org.apache.velocity.runtime.log.LogManager.createLogChute(LogManager.java:147)
	at org.apache.velocity.runtime.log.LogManager.updateLog(LogManager.java:208)
	at org.apache.velocity.runtime.RuntimeInstance.initializeLog(RuntimeInstance.java:728)
	at org.apache.velocity.runtime.RuntimeInstance.init(RuntimeInstance.java:240)
	at org.apache.velocity.runtime.RuntimeInstance.parse(RuntimeInstance.java:993)
	at org.apache.velocity.runtime.RuntimeInstance.parse(RuntimeInstance.java:972)
	at org.apache.velocity.runtime.RuntimeSingleton.parse(RuntimeSingleton.java:265)
	at org.apache.velocity.app.Velocity.evaluate(Velocity.java:274)
	at org.sonatype.mavenbook.weather.WeatherFormatter.format(WeatherFormatter.java:21)
	at org.sonatype.mavenbook.weather.yahoo.WeatherFormatterTest.testFormat(WeatherFormatterTest.java:23)
	at sun.reflect.NativeMethodAccessorImpl.invoke0(Native Method)
	at sun.reflect.NativeMethodAccessorImpl.invoke(NativeMethodAccessorImpl.java:57)
	at sun.reflect.DelegatingMethodAccessorImpl.invoke(DelegatingMethodAccessorImpl.java:43)
	at java.lang.reflect.Method.invoke(Method.java:606)
	at junit.framework.TestCase.runTest(TestCase.java:168)
	at junit.framework.TestCase.runBare(TestCase.java:134)
	at junit.framework.TestResult$1.protect(TestResult.java:110)
	at junit.framework.TestResult.runProtected(TestResult.java:128)
	at junit.framework.TestResult.run(TestResult.java:113)
	at junit.framework.TestCase.run(TestCase.java:124)
	at junit.framework.TestSuite.runTest(TestSuite.java:243)
	at junit.framework.TestSuite.run(TestSuite.java:238)
	at org.junit.internal.runners.JUnit38ClassRunner.run(JUnit38ClassRunner.java:83)
	at org.apache.maven.surefire.junit4.JUnit4TestSet.execute(JUnit4TestSet.java:53)
	at org.apache.maven.surefire.junit4.JUnit4Provider.executeTestSet(JUnit4Provider.java:123)
	at org.apache.maven.surefire.junit4.JUnit4Provider.invoke(JUnit4Provider.java:104)
	at sun.reflect.NativeMethodAccessorImpl.invoke0(Native Method)
	at sun.reflect.NativeMethodAccessorImpl.invoke(NativeMethodAccessorImpl.java:57)
	at sun.reflect.DelegatingMethodAccessorImpl.invoke(DelegatingMethodAccessorImpl.java:43)
	at java.lang.reflect.Method.invoke(Method.java:606)
	at org.apache.maven.surefire.util.ReflectionUtils.invokeMethodWithArray(ReflectionUtils.java:164)
	at org.apache.maven.surefire.booter.ProviderFactory$ProviderProxy.invoke(ProviderFactory.java:110)
	at org.apache.maven.surefire.booter.SurefireStarter.invokeProvider(SurefireStarter.java:175)
	at org.apache.maven.surefire.booter.SurefireStarter.runSuitesInProcessWhenForked(SurefireStarter.java:107)
	at org.apache.maven.surefire.booter.ForkedBooter.main(ForkedBooter.java:68)
Caused by: java.lang.ClassNotFoundException: org.apache.log.format.Formatter
	at java.net.URLClassLoader$1.run(URLClassLoader.java:366)
	at java.net.URLClassLoader$1.run(URLClassLoader.java:355)
	at java.security.AccessController.doPrivileged(Native Method)
	at java.net.URLClassLoader.findClass(URLClassLoader.java:354)
	at java.lang.ClassLoader.loadClass(ClassLoader.java:425)
	at sun.misc.Launcher$AppClassLoader.loadClass(Launcher.java:308)
	at java.lang.ClassLoader.loadClass(ClassLoader.java:358)
	... 39 more
2014-04-24 15:55:14,356 - Trying to use logger class org.apache.velocity.runtime.log.Log4JLogChute
2014-04-24 15:55:14,356 - Using logger class org.apache.velocity.runtime.log.Log4JLogChute
2014-04-24 15:55:14,360 - Default ResourceManager initializing. (class org.apache.velocity.runtime.resource.ResourceManagerImpl)
2014-04-24 15:55:14,365 - ResourceLoader instantiated: org.apache.velocity.runtime.resource.loader.FileResourceLoader
2014-04-24 15:55:14,366 - Do unicode file recognition:  false
2014-04-24 15:55:14,366 - FileResourceLoader : adding path '.'
2014-04-24 15:55:14,385 - ResourceCache: initialized (class org.apache.velocity.runtime.resource.ResourceCacheImpl)
2014-04-24 15:55:14,386 - Loaded System Directive: org.apache.velocity.runtime.directive.Literal
2014-04-24 15:55:14,388 - Loaded System Directive: org.apache.velocity.runtime.directive.Macro
2014-04-24 15:55:14,389 - Loaded System Directive: org.apache.velocity.runtime.directive.Parse
2014-04-24 15:55:14,392 - Loaded System Directive: org.apache.velocity.runtime.directive.Include
2014-04-24 15:55:14,393 - Loaded System Directive: org.apache.velocity.runtime.directive.Foreach
2014-04-24 15:55:14,444 - Created '20' parsers.
2014-04-24 15:55:14,452 - Velocimacro : "velocimacro.library" is not set.  Trying default library: VM_global_library.vm
2014-04-24 15:55:14,452 - Velocimacro : Default library not found.
2014-04-24 15:55:14,452 - Velocimacro : allowInline = true : VMs can be defined inline in templates
2014-04-24 15:55:14,452 - Velocimacro : allowInlineToOverride = false : VMs defined inline may NOT replace previous VM definitions
2014-04-24 15:55:14,452 - Velocimacro : allowInlineLocal = false : VMs defined inline will be global in scope if allowed.
2014-04-24 15:55:14,452 - Velocimacro : autoload off : VM system will not automatically reload global library macros
